desc: --massif-out-file=massif-ssca2.out
cmd: ./ssca2 17
time_unit: i
#-----------
snapshot=0
#-----------
time=0
mem_heap_B=0
mem_heap_extra_B=0
mem_stacks_B=0
heap_tree=empty
#-----------
snapshot=1
#-----------
time=205987
mem_heap_B=32
mem_heap_extra_B=8
mem_stacks_B=0
heap_tree=empty
#-----------
snapshot=2
#-----------
time=206078
mem_heap_B=8388640
mem_heap_extra_B=8088
mem_stacks_B=0
heap_tree=empty
#-----------
snapshot=3
#-----------
time=207083
mem_heap_B=8393752
mem_heap_extra_B=8104
mem_stacks_B=0
heap_tree=empty
#-----------
snapshot=4
#-----------
time=208452
mem_heap_B=8393756
mem_heap_extra_B=8124
mem_stacks_B=0
heap_tree=empty
#-----------
snapshot=5
#-----------
time=208758
mem_heap_B=8409180
mem_heap_extra_B=8196
mem_stacks_B=0
heap_tree=empty
#-----------
snapshot=6
#-----------
time=3389359
mem_heap_B=8409180
mem_heap_extra_B=8196
mem_stacks_B=0
heap_tree=detailed
n3: 8409180 (heap allocation functions) malloc/new/new[], --alloc-fns, etc.
 n1: 4194304 0x402308: genScalData (genScalData.c:24)
  n0: 4194304 0x400A69: main (SSCA2.c:77)
 n1: 4194304 0x402320: genScalData (genScalData.c:25)
  n0: 4194304 0x400A69: main (SSCA2.c:77)
 n0: 20572 in 2 places, all below massif's threshold (1.00%)
#-----------
snapshot=7
#-----------
time=3389359
mem_heap_B=8409176
mem_heap_extra_B=8176
mem_stacks_B=0
heap_tree=empty
#-----------
snapshot=8
#-----------
time=3637532
mem_heap_B=8404064
mem_heap_extra_B=8160
mem_stacks_B=0
heap_tree=empty
#-----------
snapshot=9
#-----------
time=3637566
mem_heap_B=8404056
mem_heap_extra_B=8144
mem_stacks_B=0
heap_tree=empty
#-----------
snapshot=10
#-----------
time=6067441228
mem_heap_B=8928344
mem_heap_extra_B=8152
mem_stacks_B=0
heap_tree=empty
#-----------
snapshot=11
#-----------
time=6087921282
mem_heap_B=8928344
mem_heap_extra_B=8152
mem_stacks_B=0
heap_tree=detailed
n4: 8928344 (heap allocation functions) malloc/new/new[], --alloc-fns, etc.
 n1: 4194304 0x402308: genScalData (genScalData.c:24)
  n0: 4194304 0x400A69: main (SSCA2.c:77)
 n1: 4194304 0x402320: genScalData (genScalData.c:25)
  n0: 4194304 0x400A69: main (SSCA2.c:77)
 n1: 524288 0x4025E3: genScalData (genScalData.c:146)
  n0: 524288 0x400A69: main (SSCA2.c:77)
 n0: 15448 in 2 places, all below massif's threshold (1.00%)
#-----------
snapshot=12
#-----------
time=6087921313
mem_heap_B=12598360
mem_heap_extra_B=12184
mem_stacks_B=0
heap_tree=empty
#-----------
snapshot=13
#-----------
time=6162370264
mem_heap_B=12598360
mem_heap_extra_B=12184
mem_stacks_B=0
heap_tree=detailed
n4: 12598360 (heap allocation functions) malloc/new/new[], --alloc-fns, etc.
 n1: 4194304 0x402308: genScalData (genScalData.c:24)
  n0: 4194304 0x400A69: main (SSCA2.c:77)
 n1: 4194304 0x402320: genScalData (genScalData.c:25)
  n0: 4194304 0x400A69: main (SSCA2.c:77)
 n1: 4194304 0x40272B: genScalData (genScalData.c:233)
  n0: 4194304 0x400A69: main (SSCA2.c:77)
 n0: 15448 in 3 places, all below massif's threshold (1.00%)
#-----------
snapshot=14
#-----------
time=6162371048
mem_heap_B=16777280
mem_heap_extra_B=16176
mem_stacks_B=0
heap_tree=empty
#-----------
snapshot=15
#-----------
time=6162371812
mem_heap_B=17301568
mem_heap_extra_B=16184
mem_stacks_B=0
heap_tree=empty
#-----------
snapshot=16
#-----------
time=6172857620
mem_heap_B=17825860
mem_heap_extra_B=16204
mem_stacks_B=0
heap_tree=empty
#-----------
snapshot=17
#-----------
time=6172857657
mem_heap_B=17825864
mem_heap_extra_B=16224
mem_stacks_B=0
heap_tree=empty
#-----------
snapshot=18
#-----------
time=6173644138
mem_heap_B=17825864
mem_heap_extra_B=16224
mem_stacks_B=0
heap_tree=detailed
n7: 17825864 (heap allocation functions) malloc/new/new[], --alloc-fns, etc.
 n1: 4194304 0x401799: computeGraph (computeGraph.c:47)
  n0: 4194304 0x400AB7: main (SSCA2.c:110)
 n1: 4194304 0x402308: genScalData (genScalData.c:24)
  n0: 4194304 0x400A69: main (SSCA2.c:77)
 n1: 4194304 0x402320: genScalData (genScalData.c:25)
  n0: 4194304 0x400A69: main (SSCA2.c:77)
 n1: 4194304 0x40272B: genScalData (genScalData.c:233)
  n0: 4194304 0x400A69: main (SSCA2.c:77)
 n1: 524292 0x4017FE: computeGraph (computeGraph.c:125)
  n0: 524292 0x400AB7: main (SSCA2.c:110)
 n1: 524288 0x4017A9: computeGraph (computeGraph.c:49)
  n0: 524288 0x400AB7: main (SSCA2.c:110)
 n0: 68 in 5 places, all below massif's threshold (1.00%)
#-----------
snapshot=19
#-----------
time=6173644239
mem_heap_B=25690180
mem_heap_extra_B=24276
mem_stacks_B=0
heap_tree=empty
#-----------
snapshot=20
#-----------
time=6186227195
mem_heap_B=25690180
mem_heap_extra_B=24276
mem_stacks_B=0
heap_tree=peak
n8: 25690180 (heap allocation functions) malloc/new/new[], --alloc-fns, etc.
 n1: 4194304 0x401799: computeGraph (computeGraph.c:47)
  n0: 4194304 0x400AB7: main (SSCA2.c:110)
 n1: 4194304 0x401844: computeGraph (computeGraph.c:152)
  n0: 4194304 0x400AB7: main (SSCA2.c:110)
 n1: 4194304 0x401851: computeGraph (computeGraph.c:153)
  n0: 4194304 0x400AB7: main (SSCA2.c:110)
 n1: 4194304 0x402308: genScalData (genScalData.c:24)
  n0: 4194304 0x400A69: main (SSCA2.c:77)
 n1: 4194304 0x402320: genScalData (genScalData.c:25)
  n0: 4194304 0x400A69: main (SSCA2.c:77)
 n1: 4194304 0x40272B: genScalData (genScalData.c:233)
  n0: 4194304 0x400A69: main (SSCA2.c:77)
 n1: 524292 0x4017FE: computeGraph (computeGraph.c:125)
  n0: 524292 0x400AB7: main (SSCA2.c:110)
 n0: 64 in 6 places, all below massif's threshold (1.00%)
#-----------
snapshot=21
#-----------
time=6186228050
mem_heap_B=8928952
mem_heap_extra_B=8160
mem_stacks_B=0
heap_tree=empty
#-----------
snapshot=22
#-----------
time=6196265200
mem_heap_B=8928956
mem_heap_extra_B=8180
mem_stacks_B=0
heap_tree=empty
#-----------
snapshot=23
#-----------
time=6196265481
mem_heap_B=8913044
mem_heap_extra_B=8116
mem_stacks_B=0
heap_tree=empty
#-----------
snapshot=24
#-----------
time=6196267072
mem_heap_B=9437336
mem_heap_extra_B=8136
mem_stacks_B=0
heap_tree=empty
#-----------
snapshot=25
#-----------
time=6196267385
mem_heap_B=10092728
mem_heap_extra_B=8184
mem_stacks_B=0
heap_tree=empty
#-----------
snapshot=26
#-----------
time=6196389965
mem_heap_B=9961656
mem_heap_extra_B=8176
mem_stacks_B=0
heap_tree=empty
#-----------
snapshot=27
#-----------
time=6196390021
mem_heap_B=10092728
mem_heap_extra_B=8184
mem_stacks_B=0
heap_tree=empty
#-----------
snapshot=28
#-----------
time=6196394571
mem_heap_B=9961656
mem_heap_extra_B=8176
mem_stacks_B=0
heap_tree=empty
#-----------
snapshot=29
#-----------
time=6196394627
mem_heap_B=10092728
mem_heap_extra_B=8184
mem_stacks_B=0
heap_tree=empty
#-----------
snapshot=30
#-----------
time=6196775081
mem_heap_B=9961656
mem_heap_extra_B=8176
mem_stacks_B=0
heap_tree=empty
#-----------
snapshot=31
#-----------
time=6196775137
mem_heap_B=10092728
mem_heap_extra_B=8184
mem_stacks_B=0
heap_tree=empty
#-----------
snapshot=32
#-----------
time=6196812981
mem_heap_B=9961656
mem_heap_extra_B=8176
mem_stacks_B=0
heap_tree=detailed
n6: 9961656 (heap allocation functions) malloc/new/new[], --alloc-fns, etc.
 n1: 4194304 0x401844: computeGraph (computeGraph.c:152)
  n0: 4194304 0x400AB7: main (SSCA2.c:110)
 n1: 4194304 0x401851: computeGraph (computeGraph.c:153)
  n0: 4194304 0x400AB7: main (SSCA2.c:110)
 n1: 524292 0x4017FE: computeGraph (computeGraph.c:125)
  n0: 524292 0x400AB7: main (SSCA2.c:110)
 n1: 524292 0x4019DD: findSubGraphs (findSubGraphs.c:46)
  n0: 524292 0x400B7C: main (SSCA2.c:143)
 n1: 524288 0x4019F4: findSubGraphs (findSubGraphs.c:50)
  n0: 524288 0x400B7C: main (SSCA2.c:143)
 n0: 176 in 20 places, all below massif's threshold (1.00%)
#-----------
snapshot=33
#-----------
time=6196813037
mem_heap_B=10092728
mem_heap_extra_B=8184
mem_stacks_B=0
heap_tree=empty
#-----------
snapshot=34
#-----------
time=6202611449
mem_heap_B=9961656
mem_heap_extra_B=8176
mem_stacks_B=0
heap_tree=empty
#-----------
snapshot=35
#-----------
time=6202611505
mem_heap_B=10092728
mem_heap_extra_B=8184
mem_stacks_B=0
heap_tree=empty
#-----------
snapshot=36
#-----------
time=6202683771
mem_heap_B=9961656
mem_heap_extra_B=8176
mem_stacks_B=0
heap_tree=empty
#-----------
snapshot=37
#-----------
time=6202683827
mem_heap_B=10092728
mem_heap_extra_B=8184
mem_stacks_B=0
heap_tree=empty
#-----------
snapshot=38
#-----------
time=6202832663
mem_heap_B=9568436
mem_heap_extra_B=8164
mem_stacks_B=0
heap_tree=empty
#-----------
snapshot=39
#-----------
time=6202833614
mem_heap_B=10490908
mem_heap_extra_B=8140
mem_stacks_B=0
heap_tree=empty
#-----------
snapshot=40
#-----------
time=6202834265
mem_heap_B=10490912
mem_heap_extra_B=8176
mem_stacks_B=0
heap_tree=empty
#-----------
snapshot=41
#-----------
time=6202834571
mem_heap_B=10506336
mem_heap_extra_B=8248
mem_stacks_B=0
heap_tree=detailed
n6: 10506336 (heap allocation functions) malloc/new/new[], --alloc-fns, etc.
 n1: 4194304 0x401844: computeGraph (computeGraph.c:152)
  n0: 4194304 0x400AB7: main (SSCA2.c:110)
 n1: 4194304 0x401851: computeGraph (computeGraph.c:153)
  n0: 4194304 0x400AB7: main (SSCA2.c:110)
 n0: 1048576 0x400BCD: main (SSCA2.c:159)
 n1: 524292 0x4017FE: computeGraph (computeGraph.c:125)
  n0: 524292 0x400AB7: main (SSCA2.c:110)
 n1: 524288 0x400D7E: betweennessCentrality (betweennessCentrality.c:63)
  n0: 524288 0x400BDB: main (SSCA2.c:160)
 n0: 20572 in 22 places, all below massif's threshold (1.00%)
#-----------
snapshot=42
#-----------
time=6206014485
mem_heap_B=10506332
mem_heap_extra_B=8212
mem_stacks_B=0
heap_tree=empty
#-----------
snapshot=43
#-----------
time=6206262658
mem_heap_B=10501220
mem_heap_extra_B=8196
mem_stacks_B=0
heap_tree=empty
#-----------
snapshot=44
#-----------
time=6206262692
mem_heap_B=10501212
mem_heap_extra_B=8180
mem_stacks_B=0
heap_tree=empty
#-----------
snapshot=45
#-----------
time=6216388106
mem_heap_B=12598364
mem_heap_extra_B=8188
mem_stacks_B=0
heap_tree=empty
#-----------
snapshot=46
#-----------
time=6216388247
mem_heap_B=13646952
mem_heap_extra_B=8264
mem_stacks_B=0
heap_tree=empty
#-----------
snapshot=47
#-----------
time=6223466191
mem_heap_B=17841256
mem_heap_extra_B=12304
mem_stacks_B=0
heap_tree=empty
#-----------
snapshot=48
#-----------
time=6224645890
mem_heap_B=17316964
mem_heap_extra_B=12284
mem_stacks_B=0
heap_tree=empty
#-----------
snapshot=49
#-----------
time=6224646121
mem_heap_B=19938396
mem_heap_extra_B=12260
mem_stacks_B=0
heap_tree=empty
#-----------
snapshot=50
#-----------
time=6224646160
mem_heap_B=19938596
mem_heap_extra_B=12276
mem_stacks_B=0
heap_tree=empty
#-----------
snapshot=51
#-----------
time=6224646197
mem_heap_B=19938796
mem_heap_extra_B=12292
mem_stacks_B=0
heap_tree=empty
#-----------
snapshot=52
#-----------
time=6224646234
mem_heap_B=19938804
mem_heap_extra_B=12324
mem_stacks_B=0
heap_tree=empty
#-----------
snapshot=53
#-----------
time=6224646271
mem_heap_B=20987380
mem_heap_extra_B=12332
mem_stacks_B=0
heap_tree=empty
#-----------
snapshot=54
#-----------
time=34380446749
mem_heap_B=19938804
mem_heap_extra_B=12324
mem_stacks_B=0
heap_tree=detailed
n12: 19938804 (heap allocation functions) malloc/new/new[], --alloc-fns, etc.
 n1: 4194304 0x400F2F: betweennessCentrality (betweennessCentrality.c:168)
  n0: 4194304 0x400BDB: main (SSCA2.c:160)
 n1: 4194304 0x401844: computeGraph (computeGraph.c:152)
  n0: 4194304 0x400AB7: main (SSCA2.c:110)
 n1: 4194304 0x401851: computeGraph (computeGraph.c:153)
  n0: 4194304 0x400AB7: main (SSCA2.c:110)
 n1: 2097152 0x400EB0: betweennessCentrality (betweennessCentrality.c:144)
  n0: 2097152 0x400BDB: main (SSCA2.c:160)
 n0: 1048576 0x400BCD: main (SSCA2.c:159)
 n1: 1048576 0x400FD6: betweennessCentrality (betweennessCentrality.c:196)
  n0: 1048576 0x400BDB: main (SSCA2.c:160)
 n1: 1048576 0x400FF5: betweennessCentrality (betweennessCentrality.c:198)
  n0: 1048576 0x400BDB: main (SSCA2.c:160)
 n1: 524292 0x4017FE: computeGraph (computeGraph.c:125)
  n0: 524292 0x400AB7: main (SSCA2.c:110)
 n1: 524288 0x400D7E: betweennessCentrality (betweennessCentrality.c:63)
  n0: 524288 0x400BDB: main (SSCA2.c:160)
 n1: 524288 0x400FC6: betweennessCentrality (betweennessCentrality.c:195)
  n0: 524288 0x400BDB: main (SSCA2.c:160)
 n1: 524288 0x400FE3: betweennessCentrality (betweennessCentrality.c:197)
  n0: 524288 0x400BDB: main (SSCA2.c:160)
 n0: 15856 in 29 places, all below massif's threshold (1.00%)
#-----------
snapshot=55
#-----------
time=34380446780
mem_heap_B=19414516
mem_heap_extra_B=12316
mem_stacks_B=0
heap_tree=empty
#-----------
snapshot=56
#-----------
time=34380446811
mem_heap_B=15220212
mem_heap_extra_B=8276
mem_stacks_B=0
heap_tree=empty
#-----------
snapshot=57
#-----------
time=34380446842
mem_heap_B=13123060
mem_heap_extra_B=8268
mem_stacks_B=0
heap_tree=empty
#-----------
snapshot=58
#-----------
time=34380446874
mem_heap_B=12074484
mem_heap_extra_B=8260
mem_stacks_B=0
heap_tree=empty
#-----------
snapshot=59
#-----------
time=34380446905
mem_heap_B=11550196
mem_heap_extra_B=8252
mem_stacks_B=0
heap_tree=empty
#-----------
snapshot=60
#-----------
time=34380446937
mem_heap_B=10501620
mem_heap_extra_B=8244
mem_stacks_B=0
heap_tree=empty
#-----------
snapshot=61
#-----------
time=34380446968
mem_heap_B=10501420
mem_heap_extra_B=8228
mem_stacks_B=0
heap_tree=empty
#-----------
snapshot=62
#-----------
time=34380446999
mem_heap_B=10501220
mem_heap_extra_B=8212
mem_stacks_B=0
heap_tree=empty
#-----------
snapshot=63
#-----------
time=34380447030
mem_heap_B=10501212
mem_heap_extra_B=8180
mem_stacks_B=0
heap_tree=empty
#-----------
snapshot=64
#-----------
time=34380447083
mem_heap_B=9976924
mem_heap_extra_B=8172
mem_stacks_B=0
heap_tree=detailed
n5: 9976924 (heap allocation functions) malloc/new/new[], --alloc-fns, etc.
 n1: 4194304 0x401844: computeGraph (computeGraph.c:152)
  n0: 4194304 0x400AB7: main (SSCA2.c:110)
 n1: 4194304 0x401851: computeGraph (computeGraph.c:153)
  n0: 4194304 0x400AB7: main (SSCA2.c:110)
 n0: 1048576 0x400BCD: main (SSCA2.c:159)
 n1: 524292 0x4017FE: computeGraph (computeGraph.c:125)
  n0: 524292 0x400AB7: main (SSCA2.c:110)
 n0: 15448 in 36 places, all below massif's threshold (1.00%)
#-----------
snapshot=65
#-----------
time=34380447120
mem_heap_B=9971812
mem_heap_extra_B=8156
mem_stacks_B=0
heap_tree=empty
#-----------
snapshot=66
#-----------
time=34380447151
mem_heap_B=9966696
mem_heap_extra_B=8144
mem_stacks_B=0
heap_tree=empty
#-----------
snapshot=67
#-----------
time=34380447182
mem_heap_B=9961580
mem_heap_extra_B=8132
mem_stacks_B=0
heap_tree=empty
#-----------
snapshot=68
#-----------
time=34380447213
mem_heap_B=9961508
mem_heap_extra_B=8116
mem_stacks_B=0
heap_tree=empty
#-----------
snapshot=69
#-----------
time=34380447258
mem_heap_B=8912932
mem_heap_extra_B=8108
mem_stacks_B=0
heap_tree=empty
#-----------
snapshot=70
#-----------
time=34380447289
mem_heap_B=8388640
mem_heap_extra_B=8088
mem_stacks_B=0
heap_tree=empty
#-----------
snapshot=71
#-----------
time=34380447320
mem_heap_B=4194336
mem_heap_extra_B=4048
mem_stacks_B=0
heap_tree=empty
#-----------
snapshot=72
#-----------
time=34380447351
mem_heap_B=32
mem_heap_extra_B=8
mem_stacks_B=0
heap_tree=empty
#-----------
snapshot=73
#-----------
time=34380447382
mem_heap_B=0
mem_heap_extra_B=0
mem_stacks_B=0
heap_tree=empty
