#########################################
################ ssca2 ##################
#########################################

HPCS SSCA Graph Analysis Benchmark v2.2
Running...

SCALE: 17

Scalable Data Generator -- genScalData() beginning execution...

	genScalData() completed execution

Kernel 1 -- computeGraph() beginning execution...

	computeGraph() completed execution

Kernel 2 -- getStartLists() beginning execution...

	getStartLists() completed execution

Max. int wt. list size is 7

Kernel 3 -- findSubGraphs() beginning execution...
Search from <13182, 109675>, number of vertices visited: 5438
Search from <32829, 100045>, number of vertices visited: 127
Search from <33409, 54807>, number of vertices visited: 12946
Search from <36635, 112892>, number of vertices visited: 1870
Search from <37070, 31191>, number of vertices visited: 71218
Search from <78658, 52103>, number of vertices visited: 3486
Search from <125999, 88322>, number of vertices visited: 6357

	findSubGraphs() completed execution

Kernel 4 -- betweennessCentrality() beginning execution...

 Performance counter stats for './ssca2 17':

    34,324,379,689      iTLB-loads:u                                                  (42.85%)
               350      node-load-misses:u                                            (42.85%)
       293,959,536      node-loads:u                                                  (42.86%)
               136      node-prefetch-misses:u                                        (28.57%)
         1,031,418      node-prefetches:u                                             (28.57%)
                 0      node-store-misses:u                                           (28.57%)
        40,683,085      node-stores:u                                                 (28.57%)

      32.532774366 seconds time elapsed

      32.168997000 seconds user
       0.016817000 seconds sys





#########################################
############### npb_bt_a #################
#########################################


 NAS Parallel Benchmarks (NPB3.3-OMP-C) - BT Benchmark

 No input file inputbt.data. Using compiled defaults
 Size:   64x  64x  64
 Iterations:  200       dt:   0.0008000

 Time step    1
 Time step   20
 Time step   40
 Time step   60
 Time step   80
 Time step  100
 Time step  120
 Time step  140
 Time step  160
 Time step  180
 Time step  200
 Verification being performed for class A
 accuracy setting for epsilon =  1.0000000000000E-08
 Comparison of RMS-norms of residual
           1 1.0806346714637E+02 1.0806346714637E+02 7.4957683679475E-15
           2 1.1319730901221E+01 1.1319730901221E+01 4.7077713814080E-15
           3 2.5974354511582E+01 2.5974354511582E+01 5.7446653560951E-15
           4 2.3665622544679E+01 2.3665622544679E+01 1.1409217698756E-14
           5 2.5278963211749E+02 2.5278963211748E+02 1.1917819470629E-14
 Comparison of RMS-norms of solution error
           1 4.2348416040525E+00 4.2348416040525E+00 2.0973120195338E-16
           2 4.4390282496996E-01 4.4390282496996E-01 0.0000000000000E+00
           3 9.6692480136346E-01 9.6692480136346E-01 2.2963999331895E-16
           4 8.8302063039765E-01 8.8302063039765E-01 0.0000000000000E+00
           5 9.7379901770829E+00 9.7379901770829E+00 1.8241513978733E-16
 Verification Successful


 BT Benchmark Completed.
 Class           =                        A
 Size            =             64x  64x  64
 Iterations      =                      200
 Total threads   =                        1
 Avail threads   =                        1
 Operation type  =           floating point
 Verification    =               SUCCESSFUL
 Version         =                    3.3.1
 Compile date    =              11 Nov 2013

 Compile options:
    CC           = gcc
    CLINK        = $(CC)
    C_LIB        = -lm
    C_INC        = (none)
    CFLAGS       = (unknown)
    CLINKFLAGS   = (unknown)
    RAND         = (none)

--------------------------------------
 Please send all errors/feedbacks to:
 Center for Manycore Programming
 cmp@aces.snu.ac.kr
 http://aces.snu.ac.kr
--------------------------------------


 Performance counter stats for './npb_bt_a':

   383,113,014,309      iTLB-loads:u                                                  (42.86%)
             1,999      node-load-misses:u                                            (42.86%)
       304,996,198      node-loads:u                                                  (42.86%)
             1,760      node-prefetch-misses:u                                        (28.57%)
       476,822,034      node-prefetches:u                                             (28.57%)
                 0      node-store-misses:u                                           (28.57%)
        27,224,757      node-stores:u                                                 (28.57%)

      73.332539765 seconds time elapsed

      72.595037000 seconds user
       0.008866000 seconds sys


