#########################################
################ ssca2 ##################
#########################################

HPCS SSCA Graph Analysis Benchmark v2.2
Running...

SCALE: 17

Scalable Data Generator -- genScalData() beginning execution...

	genScalData() completed execution

Kernel 1 -- computeGraph() beginning execution...

	computeGraph() completed execution

Kernel 2 -- getStartLists() beginning execution...

	getStartLists() completed execution

Max. int wt. list size is 7

Kernel 3 -- findSubGraphs() beginning execution...
Search from <13182, 109675>, number of vertices visited: 5438
Search from <32829, 100045>, number of vertices visited: 127
Search from <33409, 54807>, number of vertices visited: 12946
Search from <36635, 112892>, number of vertices visited: 1870
Search from <37070, 31191>, number of vertices visited: 71218
Search from <78658, 52103>, number of vertices visited: 3486
Search from <125999, 88322>, number of vertices visited: 6357

	findSubGraphs() completed execution

Kernel 4 -- betweennessCentrality() beginning execution...

 Performance counter stats for './ssca2 17':

    10,801,879,904      branch-load-misses:u                                          (57.14%)
     5,820,242,534      branch-loads:u                                                (57.14%)
       738,602,243      dTLB-load-misses:u        #    6.50% of all dTLB cache accesses  (57.14%)
    11,363,848,511      dTLB-loads:u                                                  (57.14%)
       141,201,051      dTLB-store-misses:u                                           (57.14%)
     2,655,820,556      dTLB-stores:u                                                 (57.14%)
           239,578      iTLB-load-misses:u                                            (57.14%)

      26.713061586 seconds time elapsed

      26.420275000 seconds user
       0.009893000 seconds sys





#########################################
############### npb_bt_a #################
#########################################


 NAS Parallel Benchmarks (NPB3.3-OMP-C) - BT Benchmark

 No input file inputbt.data. Using compiled defaults
 Size:   64x  64x  64
 Iterations:  200       dt:   0.0008000

 Time step    1
 Time step   20
 Time step   40
 Time step   60
 Time step   80
 Time step  100
 Time step  120
 Time step  140
 Time step  160
 Time step  180
 Time step  200
 Verification being performed for class A
 accuracy setting for epsilon =  1.0000000000000E-08
 Comparison of RMS-norms of residual
           1 1.0806346714637E+02 1.0806346714637E+02 7.4957683679475E-15
           2 1.1319730901221E+01 1.1319730901221E+01 4.7077713814080E-15
           3 2.5974354511582E+01 2.5974354511582E+01 5.7446653560951E-15
           4 2.3665622544679E+01 2.3665622544679E+01 1.1409217698756E-14
           5 2.5278963211749E+02 2.5278963211748E+02 1.1917819470629E-14
 Comparison of RMS-norms of solution error
           1 4.2348416040525E+00 4.2348416040525E+00 2.0973120195338E-16
           2 4.4390282496996E-01 4.4390282496996E-01 0.0000000000000E+00
           3 9.6692480136346E-01 9.6692480136346E-01 2.2963999331895E-16
           4 8.8302063039765E-01 8.8302063039765E-01 0.0000000000000E+00
           5 9.7379901770829E+00 9.7379901770829E+00 1.8241513978733E-16
 Verification Successful


 BT Benchmark Completed.
 Class           =                        A
 Size            =             64x  64x  64
 Iterations      =                      200
 Total threads   =                        1
 Avail threads   =                        1
 Operation type  =           floating point
 Verification    =               SUCCESSFUL
 Version         =                    3.3.1
 Compile date    =              11 Nov 2013

 Compile options:
    CC           = gcc
    CLINK        = $(CC)
    C_LIB        = -lm
    C_INC        = (none)
    CFLAGS       = (unknown)
    CLINKFLAGS   = (unknown)
    RAND         = (none)

--------------------------------------
 Please send all errors/feedbacks to:
 Center for Manycore Programming
 cmp@aces.snu.ac.kr
 http://aces.snu.ac.kr
--------------------------------------


 Performance counter stats for './npb_bt_a':

     1,832,594,108      branch-load-misses:u                                          (57.14%)
     1,850,489,448      branch-loads:u                                                (57.14%)
         1,210,825      dTLB-load-misses:u        #    0.00% of all dTLB cache accesses  (57.14%)
   156,580,950,081      dTLB-loads:u                                                  (57.14%)
           300,332      dTLB-store-misses:u                                           (57.14%)
    73,893,050,552      dTLB-stores:u                                                 (57.14%)
           762,612      iTLB-load-misses:u                                            (57.14%)

      73.579752539 seconds time elapsed

      72.816738000 seconds user
       0.009881000 seconds sys


